20-07-2012 13:46:59.0108 ERROR http-2468-2 com.photon.phresco.framework.impl.ProjectAdministratorImpl : readBuildInfo() > File path is incorrectC:\Documents and Settings\mahesh_p\workspace\projects\PHR_Test10\do_not_checkin\build\build.info
20-07-2012 13:46:59.0843 ERROR http-2468-3 com.photon.phresco.framework.impl.ProjectAdministratorImpl : readBuildInfo() > File path is incorrectC:\Documents and Settings\mahesh_p\workspace\projects\PHR_Test10\do_not_checkin\build\build.info
20-07-2012 14:01:35.0608 ERROR http-2468-2 com.photon.phresco.framework.impl.ProjectAdministratorImpl : readBuildInfo() > File path is incorrectC:\Documents and Settings\mahesh_p\workspace\projects\PHR_multi1\do_not_checkin\build\build.info
20-07-2012 14:01:36.0311 ERROR http-2468-4 com.photon.phresco.framework.impl.ProjectAdministratorImpl : readBuildInfo() > File path is incorrectC:\Documents and Settings\mahesh_p\workspace\projects\PHR_multi1\do_not_checkin\build\build.info
28-09-2012 11:43:44.0453 INFO http-2468-2 com.photon.phresco.framework.actions.applications.Code : responseCode === 400
28-09-2012 12:54:43.0479 INFO http-2468-1 com.photon.phresco.framework.actions.applications.Code : responseCode === 400
28-09-2012 12:54:45.0308 INFO http-2468-1 com.photon.phresco.framework.actions.applications.Code : responseCode === 400
28-09-2012 12:54:47.0294 INFO http-2468-1 com.photon.phresco.framework.actions.applications.Code : responseCode === 400
28-09-2012 12:54:48.0919 INFO http-2468-1 com.photon.phresco.framework.actions.applications.Code : responseCode === 400
28-09-2012 12:54:55.0797 ERROR http-2468-1 com.photon.phresco.framework.actions.applications.Applications : Entered into catch block of Applications.validateProject() [ java.lang.NullPointerException ] null java.lang.NullPointerException
	at com.photon.phresco.framework.impl.ProjectAdministratorImpl.validate(ProjectAdministratorImpl.java:1897)
	at com.photon.phresco.framework.actions.applications.Applications.validateProject(Applications.java:848)
	at sun.reflect.NativeMethodAccessorImpl.invoke0(Native Method)
	at sun.reflect.NativeMethodAccessorImpl.invoke(NativeMethodAccessorImpl.java:39)
	at sun.reflect.DelegatingMethodAccessorImpl.invoke(DelegatingMethodAccessorImpl.java:25)
	at java.lang.reflect.Method.invoke(Method.java:597)
	at com.opensymphony.xwork2.DefaultActionInvocation.invokeAction(DefaultActionInvocation.java:452)
	at com.opensymphony.xwork2.DefaultActionInvocation.invokeActionOnly(DefaultActionInvocation.java:291)
	at com.opensymphony.xwork2.DefaultActionInvocation.invoke(DefaultActionInvocation.java:254)
	at com.opensymphony.xwork2.interceptor.DefaultWorkflowInterceptor.doIntercept(DefaultWorkflowInterceptor.java:176)
	at com.opensymphony.xwork2.interceptor.MethodFilterInterceptor.intercept(MethodFilterInterceptor.java:98)
	at com.opensymphony.xwork2.DefaultActionInvocation.invoke(DefaultActionInvocation.java:248)
	at com.opensymphony.xwork2.validator.ValidationInterceptor.doIntercept(ValidationInterceptor.java:263)
	at org.apache.struts2.interceptor.validation.AnnotationValidationInterceptor.doIntercept(AnnotationValidationInterceptor.java:68)
	at com.opensymphony.xwork2.interceptor.MethodFilterInterceptor.intercept(MethodFilterInterceptor.java:98)
	at com.opensymphony.xwork2.DefaultActionInvocation.invoke(DefaultActionInvocation.java:248)
	at com.opensymphony.xwork2.interceptor.ConversionErrorInterceptor.intercept(ConversionErrorInterceptor.java:138)
	at com.opensymphony.xwork2.DefaultActionInvocation.invoke(DefaultActionInvocation.java:248)
	at com.opensymphony.xwork2.interceptor.ParametersInterceptor.doIntercept(ParametersInterceptor.java:207)
	at com.opensymphony.xwork2.interceptor.MethodFilterInterceptor.intercept(MethodFilterInterceptor.java:98)
	at com.opensymphony.xwork2.DefaultActionInvocation.invoke(DefaultActionInvocation.java:248)
	at com.opensymphony.xwork2.interceptor.ParametersInterceptor.doIntercept(ParametersInterceptor.java:207)
	at com.opensymphony.xwork2.interceptor.MethodFilterInterceptor.intercept(MethodFilterInterceptor.java:98)
	at com.opensymphony.xwork2.DefaultActionInvocation.invoke(DefaultActionInvocation.java:248)
	at com.opensymphony.xwork2.interceptor.StaticParametersInterceptor.intercept(StaticParametersInterceptor.java:190)
	at com.opensymphony.xwork2.DefaultActionInvocation.invoke(DefaultActionInvocation.java:248)
	at org.apache.struts2.interceptor.MultiselectInterceptor.intercept(MultiselectInterceptor.java:75)
	at com.opensymphony.xwork2.DefaultActionInvocation.invoke(DefaultActionInvocation.java:248)
	at org.apache.struts2.interceptor.CheckboxInterceptor.intercept(CheckboxInterceptor.java:94)
	at com.opensymphony.xwork2.DefaultActionInvocation.invoke(DefaultActionInvocation.java:248)
	at org.apache.struts2.interceptor.FileUploadInterceptor.intercept(FileUploadInterceptor.java:243)
	at com.opensymphony.xwork2.DefaultActionInvocation.invoke(DefaultActionInvocation.java:248)
	at com.opensymphony.xwork2.interceptor.ModelDrivenInterceptor.intercept(ModelDrivenInterceptor.java:100)
	at com.opensymphony.xwork2.DefaultActionInvocation.invoke(DefaultActionInvocation.java:248)
	at com.opensymphony.xwork2.interceptor.ScopedModelDrivenInterceptor.intercept(ScopedModelDrivenInterceptor.java:141)
	at com.opensymphony.xwork2.DefaultActionInvocation.invoke(DefaultActionInvocation.java:248)
	at org.apache.struts2.interceptor.debugging.DebuggingInterceptor.intercept(DebuggingInterceptor.java:270)
	at com.opensymphony.xwork2.DefaultActionInvocation.invoke(DefaultActionInvocation.java:248)
	at com.opensymphony.xwork2.interceptor.ChainingInterceptor.intercept(ChainingInterceptor.java:145)
	at com.opensymphony.xwork2.DefaultActionInvocation.invoke(DefaultActionInvocation.java:248)
	at com.opensymphony.xwork2.interceptor.PrepareInterceptor.doIntercept(PrepareInterceptor.java:171)
	at com.opensymphony.xwork2.interceptor.MethodFilterInterceptor.intercept(MethodFilterInterceptor.java:98)
	at com.opensymphony.xwork2.DefaultActionInvocation.invoke(DefaultActionInvocation.java:248)
	at com.opensymphony.xwork2.interceptor.I18nInterceptor.intercept(I18nInterceptor.java:176)
	at com.opensymphony.xwork2.DefaultActionInvocation.invoke(DefaultActionInvocation.java:248)
	at org.apache.struts2.interceptor.ServletConfigInterceptor.intercept(ServletConfigInterceptor.java:164)
	at com.opensymphony.xwork2.DefaultActionInvocation.invoke(DefaultActionInvocation.java:248)
	at com.opensymphony.xwork2.interceptor.AliasInterceptor.intercept(AliasInterceptor.java:190)
	at com.opensymphony.xwork2.DefaultActionInvocation.invoke(DefaultActionInvocation.java:248)
	at com.opensymphony.xwork2.interceptor.ExceptionMappingInterceptor.intercept(ExceptionMappingInterceptor.java:187)
	at com.opensymphony.xwork2.DefaultActionInvocation.invoke(DefaultActionInvocation.java:248)
	at org.apache.struts2.impl.StrutsActionProxy.execute(StrutsActionProxy.java:52)
	at org.apache.struts2.dispatcher.Dispatcher.serviceAction(Dispatcher.java:498)
	at org.apache.struts2.dispatcher.ng.ExecuteOperations.executeAction(ExecuteOperations.java:77)
	at org.apache.struts2.dispatcher.ng.filter.StrutsPrepareAndExecuteFilter.doFilter(StrutsPrepareAndExecuteFilter.java:91)
	at org.apache.catalina.core.ApplicationFilterChain.internalDoFilter(ApplicationFilterChain.java:235)
	at org.apache.catalina.core.ApplicationFilterChain.doFilter(ApplicationFilterChain.java:206)
	at org.apache.catalina.core.StandardWrapperValve.invoke(StandardWrapperValve.java:233)
	at org.apache.catalina.core.StandardContextValve.invoke(StandardContextValve.java:191)
	at org.apache.catalina.core.StandardHostValve.invoke(StandardHostValve.java:127)
	at org.apache.catalina.valves.ErrorReportValve.invoke(ErrorReportValve.java:102)
	at org.apache.catalina.core.StandardEngineValve.invoke(StandardEngineValve.java:109)
	at org.apache.catalina.connector.CoyoteAdapter.service(CoyoteAdapter.java:298)
	at org.apache.coyote.http11.Http11Processor.process(Http11Processor.java:857)
	at org.apache.coyote.http11.Http11Protocol$Http11ConnectionHandler.process(Http11Protocol.java:588)
	at org.apache.tomcat.util.net.JIoEndpoint$Worker.run(JIoEndpoint.java:489)
	at java.lang.Thread.run(Thread.java:662)

28-09-2012 12:54:57.0313 ERROR http-2468-1 com.photon.phresco.framework.actions.applications.Applications : Entered into catch block of Applications.validateProject() [ java.lang.NullPointerException ] null java.lang.NullPointerException
	at com.photon.phresco.framework.impl.ProjectAdministratorImpl.validate(ProjectAdministratorImpl.java:1897)
	at com.photon.phresco.framework.actions.applications.Applications.validateProject(Applications.java:848)
	at sun.reflect.NativeMethodAccessorImpl.invoke0(Native Method)
	at sun.reflect.NativeMethodAccessorImpl.invoke(NativeMethodAccessorImpl.java:39)
	at sun.reflect.DelegatingMethodAccessorImpl.invoke(DelegatingMethodAccessorImpl.java:25)
	at java.lang.reflect.Method.invoke(Method.java:597)
	at com.opensymphony.xwork2.DefaultActionInvocation.invokeAction(DefaultActionInvocation.java:452)
	at com.opensymphony.xwork2.DefaultActionInvocation.invokeActionOnly(DefaultActionInvocation.java:291)
	at com.opensymphony.xwork2.DefaultActionInvocation.invoke(DefaultActionInvocation.java:254)
	at com.opensymphony.xwork2.interceptor.DefaultWorkflowInterceptor.doIntercept(DefaultWorkflowInterceptor.java:176)
	at com.opensymphony.xwork2.interceptor.MethodFilterInterceptor.intercept(MethodFilterInterceptor.java:98)
	at com.opensymphony.xwork2.DefaultActionInvocation.invoke(DefaultActionInvocation.java:248)
	at com.opensymphony.xwork2.validator.ValidationInterceptor.doIntercept(ValidationInterceptor.java:263)
	at org.apache.struts2.interceptor.validation.AnnotationValidationInterceptor.doIntercept(AnnotationValidationInterceptor.java:68)
	at com.opensymphony.xwork2.interceptor.MethodFilterInterceptor.intercept(MethodFilterInterceptor.java:98)
	at com.opensymphony.xwork2.DefaultActionInvocation.invoke(DefaultActionInvocation.java:248)
	at com.opensymphony.xwork2.interceptor.ConversionErrorInterceptor.intercept(ConversionErrorInterceptor.java:138)
	at com.opensymphony.xwork2.DefaultActionInvocation.invoke(DefaultActionInvocation.java:248)
	at com.opensymphony.xwork2.interceptor.ParametersInterceptor.doIntercept(ParametersInterceptor.java:207)
	at com.opensymphony.xwork2.interceptor.MethodFilterInterceptor.intercept(MethodFilterInterceptor.java:98)
	at com.opensymphony.xwork2.DefaultActionInvocation.invoke(DefaultActionInvocation.java:248)
	at com.opensymphony.xwork2.interceptor.ParametersInterceptor.doIntercept(ParametersInterceptor.java:207)
	at com.opensymphony.xwork2.interceptor.MethodFilterInterceptor.intercept(MethodFilterInterceptor.java:98)
	at com.opensymphony.xwork2.DefaultActionInvocation.invoke(DefaultActionInvocation.java:248)
	at com.opensymphony.xwork2.interceptor.StaticParametersInterceptor.intercept(StaticParametersInterceptor.java:190)
	at com.opensymphony.xwork2.DefaultActionInvocation.invoke(DefaultActionInvocation.java:248)
	at org.apache.struts2.interceptor.MultiselectInterceptor.intercept(MultiselectInterceptor.java:75)
	at com.opensymphony.xwork2.DefaultActionInvocation.invoke(DefaultActionInvocation.java:248)
	at org.apache.struts2.interceptor.CheckboxInterceptor.intercept(CheckboxInterceptor.java:94)
	at com.opensymphony.xwork2.DefaultActionInvocation.invoke(DefaultActionInvocation.java:248)
	at org.apache.struts2.interceptor.FileUploadInterceptor.intercept(FileUploadInterceptor.java:243)
	at com.opensymphony.xwork2.DefaultActionInvocation.invoke(DefaultActionInvocation.java:248)
	at com.opensymphony.xwork2.interceptor.ModelDrivenInterceptor.intercept(ModelDrivenInterceptor.java:100)
	at com.opensymphony.xwork2.DefaultActionInvocation.invoke(DefaultActionInvocation.java:248)
	at com.opensymphony.xwork2.interceptor.ScopedModelDrivenInterceptor.intercept(ScopedModelDrivenInterceptor.java:141)
	at com.opensymphony.xwork2.DefaultActionInvocation.invoke(DefaultActionInvocation.java:248)
	at org.apache.struts2.interceptor.debugging.DebuggingInterceptor.intercept(DebuggingInterceptor.java:270)
	at com.opensymphony.xwork2.DefaultActionInvocation.invoke(DefaultActionInvocation.java:248)
	at com.opensymphony.xwork2.interceptor.ChainingInterceptor.intercept(ChainingInterceptor.java:145)
	at com.opensymphony.xwork2.DefaultActionInvocation.invoke(DefaultActionInvocation.java:248)
	at com.opensymphony.xwork2.interceptor.PrepareInterceptor.doIntercept(PrepareInterceptor.java:171)
	at com.opensymphony.xwork2.interceptor.MethodFilterInterceptor.intercept(MethodFilterInterceptor.java:98)
	at com.opensymphony.xwork2.DefaultActionInvocation.invoke(DefaultActionInvocation.java:248)
	at com.opensymphony.xwork2.interceptor.I18nInterceptor.intercept(I18nInterceptor.java:176)
	at com.opensymphony.xwork2.DefaultActionInvocation.invoke(DefaultActionInvocation.java:248)
	at org.apache.struts2.interceptor.ServletConfigInterceptor.intercept(ServletConfigInterceptor.java:164)
	at com.opensymphony.xwork2.DefaultActionInvocation.invoke(DefaultActionInvocation.java:248)
	at com.opensymphony.xwork2.interceptor.AliasInterceptor.intercept(AliasInterceptor.java:190)
	at com.opensymphony.xwork2.DefaultActionInvocation.invoke(DefaultActionInvocation.java:248)
	at com.opensymphony.xwork2.interceptor.ExceptionMappingInterceptor.intercept(ExceptionMappingInterceptor.java:187)
	at com.opensymphony.xwork2.DefaultActionInvocation.invoke(DefaultActionInvocation.java:248)
	at org.apache.struts2.impl.StrutsActionProxy.execute(StrutsActionProxy.java:52)
	at org.apache.struts2.dispatcher.Dispatcher.serviceAction(Dispatcher.java:498)
	at org.apache.struts2.dispatcher.ng.ExecuteOperations.executeAction(ExecuteOperations.java:77)
	at org.apache.struts2.dispatcher.ng.filter.StrutsPrepareAndExecuteFilter.doFilter(StrutsPrepareAndExecuteFilter.java:91)
	at org.apache.catalina.core.ApplicationFilterChain.internalDoFilter(ApplicationFilterChain.java:235)
	at org.apache.catalina.core.ApplicationFilterChain.doFilter(ApplicationFilterChain.java:206)
	at org.apache.catalina.core.StandardWrapperValve.invoke(StandardWrapperValve.java:233)
	at org.apache.catalina.core.StandardContextValve.invoke(StandardContextValve.java:191)
	at org.apache.catalina.core.StandardHostValve.invoke(StandardHostValve.java:127)
	at org.apache.catalina.valves.ErrorReportValve.invoke(ErrorReportValve.java:102)
	at org.apache.catalina.core.StandardEngineValve.invoke(StandardEngineValve.java:109)
	at org.apache.catalina.connector.CoyoteAdapter.service(CoyoteAdapter.java:298)
	at org.apache.coyote.http11.Http11Processor.process(Http11Processor.java:857)
	at org.apache.coyote.http11.Http11Protocol$Http11ConnectionHandler.process(Http11Protocol.java:588)
	at org.apache.tomcat.util.net.JIoEndpoint$Worker.run(JIoEndpoint.java:489)
	at java.lang.Thread.run(Thread.java:662)

28-09-2012 12:54:58.0188 INFO http-2468-1 com.photon.phresco.framework.actions.applications.Code : responseCode === 400
28-09-2012 12:54:59.0720 INFO http-2468-1 com.photon.phresco.framework.actions.applications.Code : responseCode === 400
28-09-2012 12:55:01.0455 INFO http-2468-1 com.photon.phresco.framework.actions.applications.Code : responseCode === 400
28-09-2012 12:55:03.0830 INFO http-2468-1 com.photon.phresco.framework.actions.applications.Code : responseCode === 400
28-09-2012 12:55:28.0680 INFO http-2468-1 com.photon.phresco.framework.actions.applications.Code : responseCode === 400
28-09-2012 13:21:21.0183 ERROR http-2468-1 com.photon.phresco.framework.actions.applications.Applications : Entered into catch block of Applications.validateProject() [ com.photon.phresco.exception.PhrescoException ] org.xml.sax.SAXException: FWK005 parse may not be called while parsing. [PhrescoException]:  [ErrorMessage] = org.xml.sax.SAXException: FWK005 parse may not be called while parsing.
	at com.photon.phresco.framework.validators.ArchetypeValidator.validate(ArchetypeValidator.java:103)
	at com.photon.phresco.framework.impl.ProjectAdministratorImpl.validate(ProjectAdministratorImpl.java:1899)
	at com.photon.phresco.framework.actions.applications.Applications.validateProject(Applications.java:848)
	at sun.reflect.NativeMethodAccessorImpl.invoke0(Native Method)
	at sun.reflect.NativeMethodAccessorImpl.invoke(NativeMethodAccessorImpl.java:39)
	at sun.reflect.DelegatingMethodAccessorImpl.invoke(DelegatingMethodAccessorImpl.java:25)
	at java.lang.reflect.Method.invoke(Method.java:597)
	at com.opensymphony.xwork2.DefaultActionInvocation.invokeAction(DefaultActionInvocation.java:452)
	at com.opensymphony.xwork2.DefaultActionInvocation.invokeActionOnly(DefaultActionInvocation.java:291)
	at com.opensymphony.xwork2.DefaultActionInvocation.invoke(DefaultActionInvocation.java:254)
	at com.opensymphony.xwork2.interceptor.DefaultWorkflowInterceptor.doIntercept(DefaultWorkflowInterceptor.java:176)
	at com.opensymphony.xwork2.interceptor.MethodFilterInterceptor.intercept(MethodFilterInterceptor.java:98)
	at com.opensymphony.xwork2.DefaultActionInvocation.invoke(DefaultActionInvocation.java:248)
	at com.opensymphony.xwork2.validator.ValidationInterceptor.doIntercept(ValidationInterceptor.java:263)
	at org.apache.struts2.interceptor.validation.AnnotationValidationInterceptor.doIntercept(AnnotationValidationInterceptor.java:68)
	at com.opensymphony.xwork2.interceptor.MethodFilterInterceptor.intercept(MethodFilterInterceptor.java:98)
	at com.opensymphony.xwork2.DefaultActionInvocation.invoke(DefaultActionInvocation.java:248)
	at com.opensymphony.xwork2.interceptor.ConversionErrorInterceptor.intercept(ConversionErrorInterceptor.java:138)
	at com.opensymphony.xwork2.DefaultActionInvocation.invoke(DefaultActionInvocation.java:248)
	at com.opensymphony.xwork2.interceptor.ParametersInterceptor.doIntercept(ParametersInterceptor.java:207)
	at com.opensymphony.xwork2.interceptor.MethodFilterInterceptor.intercept(MethodFilterInterceptor.java:98)
	at com.opensymphony.xwork2.DefaultActionInvocation.invoke(DefaultActionInvocation.java:248)
	at com.opensymphony.xwork2.interceptor.ParametersInterceptor.doIntercept(ParametersInterceptor.java:207)
	at com.opensymphony.xwork2.interceptor.MethodFilterInterceptor.intercept(MethodFilterInterceptor.java:98)
	at com.opensymphony.xwork2.DefaultActionInvocation.invoke(DefaultActionInvocation.java:248)
	at com.opensymphony.xwork2.interceptor.StaticParametersInterceptor.intercept(StaticParametersInterceptor.java:190)
	at com.opensymphony.xwork2.DefaultActionInvocation.invoke(DefaultActionInvocation.java:248)
	at org.apache.struts2.interceptor.MultiselectInterceptor.intercept(MultiselectInterceptor.java:75)
	at com.opensymphony.xwork2.DefaultActionInvocation.invoke(DefaultActionInvocation.java:248)
	at org.apache.struts2.interceptor.CheckboxInterceptor.intercept(CheckboxInterceptor.java:94)
	at com.opensymphony.xwork2.DefaultActionInvocation.invoke(DefaultActionInvocation.java:248)
	at org.apache.struts2.interceptor.FileUploadInterceptor.intercept(FileUploadInterceptor.java:243)
	at com.opensymphony.xwork2.DefaultActionInvocation.invoke(DefaultActionInvocation.java:248)
	at com.opensymphony.xwork2.interceptor.ModelDrivenInterceptor.intercept(ModelDrivenInterceptor.java:100)
	at com.opensymphony.xwork2.DefaultActionInvocation.invoke(DefaultActionInvocation.java:248)
	at com.opensymphony.xwork2.interceptor.ScopedModelDrivenInterceptor.intercept(ScopedModelDrivenInterceptor.java:141)
	at com.opensymphony.xwork2.DefaultActionInvocation.invoke(DefaultActionInvocation.java:248)
	at org.apache.struts2.interceptor.debugging.DebuggingInterceptor.intercept(DebuggingInterceptor.java:270)
	at com.opensymphony.xwork2.DefaultActionInvocation.invoke(DefaultActionInvocation.java:248)
	at com.opensymphony.xwork2.interceptor.ChainingInterceptor.intercept(ChainingInterceptor.java:145)
	at com.opensymphony.xwork2.DefaultActionInvocation.invoke(DefaultActionInvocation.java:248)
	at com.opensymphony.xwork2.interceptor.PrepareInterceptor.doIntercept(PrepareInterceptor.java:171)
	at com.opensymphony.xwork2.interceptor.MethodFilterInterceptor.intercept(MethodFilterInterceptor.java:98)
	at com.opensymphony.xwork2.DefaultActionInvocation.invoke(DefaultActionInvocation.java:248)
	at com.opensymphony.xwork2.interceptor.I18nInterceptor.intercept(I18nInterceptor.java:176)
	at com.opensymphony.xwork2.DefaultActionInvocation.invoke(DefaultActionInvocation.java:248)
	at org.apache.struts2.interceptor.ServletConfigInterceptor.intercept(ServletConfigInterceptor.java:164)
	at com.opensymphony.xwork2.DefaultActionInvocation.invoke(DefaultActionInvocation.java:248)
	at com.opensymphony.xwork2.interceptor.AliasInterceptor.intercept(AliasInterceptor.java:190)
	at com.opensymphony.xwork2.DefaultActionInvocation.invoke(DefaultActionInvocation.java:248)
	at com.opensymphony.xwork2.interceptor.ExceptionMappingInterceptor.intercept(ExceptionMappingInterceptor.java:187)
	at com.opensymphony.xwork2.DefaultActionInvocation.invoke(DefaultActionInvocation.java:248)
	at org.apache.struts2.impl.StrutsActionProxy.execute(StrutsActionProxy.java:52)
	at org.apache.struts2.dispatcher.Dispatcher.serviceAction(Dispatcher.java:498)
	at org.apache.struts2.dispatcher.ng.ExecuteOperations.executeAction(ExecuteOperations.java:77)
	at org.apache.struts2.dispatcher.ng.filter.StrutsPrepareAndExecuteFilter.doFilter(StrutsPrepareAndExecuteFilter.java:91)
	at org.apache.catalina.core.ApplicationFilterChain.internalDoFilter(ApplicationFilterChain.java:235)
	at org.apache.catalina.core.ApplicationFilterChain.doFilter(ApplicationFilterChain.java:206)
	at org.apache.catalina.core.StandardWrapperValve.invoke(StandardWrapperValve.java:233)
	at org.apache.catalina.core.StandardContextValve.invoke(StandardContextValve.java:191)
	at org.apache.catalina.core.StandardHostValve.invoke(StandardHostValve.java:127)
	at org.apache.catalina.valves.ErrorReportValve.invoke(ErrorReportValve.java:102)
	at org.apache.catalina.core.StandardEngineValve.invoke(StandardEngineValve.java:109)
	at org.apache.catalina.connector.CoyoteAdapter.service(CoyoteAdapter.java:298)
	at org.apache.coyote.http11.Http11Processor.process(Http11Processor.java:857)
	at org.apache.coyote.http11.Http11Protocol$Http11ConnectionHandler.process(Http11Protocol.java:588)
	at org.apache.tomcat.util.net.JIoEndpoint$Worker.run(JIoEndpoint.java:489)
	at java.lang.Thread.run(Thread.java:662)
Caused by: org.xml.sax.SAXException: FWK005 parse may not be called while parsing.
	at org.apache.xerces.parsers.DOMParser.parse(Unknown Source)
	at org.apache.xerces.jaxp.DocumentBuilderImpl.parse(Unknown Source)
	at javax.xml.parsers.DocumentBuilder.parse(DocumentBuilder.java:208)
	at com.photon.phresco.framework.validators.ArchetypeValidator.getFileSetNodes(ArchetypeValidator.java:180)
	at com.photon.phresco.framework.validators.ArchetypeValidator.validate(ArchetypeValidator.java:92)
	... 67 more

03-10-2012 11:24:55.0945 ERROR http-2468-4 com.photon.phresco.framework.actions.applications.Applications : Entered into catch block of  Applications.save() [ com.photon.phresco.exception.PhrescoException ] Project creation failed [PhrescoException]:  [ErrorMessage] = Project creation failed
	at com.photon.phresco.framework.impl.ProjectAdministratorImpl.createProject(ProjectAdministratorImpl.java:176)
	at com.photon.phresco.framework.actions.applications.Applications.save(Applications.java:371)
	at sun.reflect.NativeMethodAccessorImpl.invoke0(Native Method)
	at sun.reflect.NativeMethodAccessorImpl.invoke(NativeMethodAccessorImpl.java:39)
	at sun.reflect.DelegatingMethodAccessorImpl.invoke(DelegatingMethodAccessorImpl.java:25)
	at java.lang.reflect.Method.invoke(Method.java:597)
	at com.opensymphony.xwork2.DefaultActionInvocation.invokeAction(DefaultActionInvocation.java:452)
	at com.opensymphony.xwork2.DefaultActionInvocation.invokeActionOnly(DefaultActionInvocation.java:291)
	at com.opensymphony.xwork2.DefaultActionInvocation.invoke(DefaultActionInvocation.java:254)
	at com.opensymphony.xwork2.interceptor.DefaultWorkflowInterceptor.doIntercept(DefaultWorkflowInterceptor.java:176)
	at com.opensymphony.xwork2.interceptor.MethodFilterInterceptor.intercept(MethodFilterInterceptor.java:98)
	at com.opensymphony.xwork2.DefaultActionInvocation.invoke(DefaultActionInvocation.java:248)
	at com.opensymphony.xwork2.validator.ValidationInterceptor.doIntercept(ValidationInterceptor.java:263)
	at org.apache.struts2.interceptor.validation.AnnotationValidationInterceptor.doIntercept(AnnotationValidationInterceptor.java:68)
	at com.opensymphony.xwork2.interceptor.MethodFilterInterceptor.intercept(MethodFilterInterceptor.java:98)
	at com.opensymphony.xwork2.DefaultActionInvocation.invoke(DefaultActionInvocation.java:248)
	at com.opensymphony.xwork2.interceptor.ConversionErrorInterceptor.intercept(ConversionErrorInterceptor.java:138)
	at com.opensymphony.xwork2.DefaultActionInvocation.invoke(DefaultActionInvocation.java:248)
	at com.opensymphony.xwork2.interceptor.ParametersInterceptor.doIntercept(ParametersInterceptor.java:207)
	at com.opensymphony.xwork2.interceptor.MethodFilterInterceptor.intercept(MethodFilterInterceptor.java:98)
	at com.opensymphony.xwork2.DefaultActionInvocation.invoke(DefaultActionInvocation.java:248)
	at com.opensymphony.xwork2.interceptor.ParametersInterceptor.doIntercept(ParametersInterceptor.java:207)
	at com.opensymphony.xwork2.interceptor.MethodFilterInterceptor.intercept(MethodFilterInterceptor.java:98)
	at com.opensymphony.xwork2.DefaultActionInvocation.invoke(DefaultActionInvocation.java:248)
	at com.opensymphony.xwork2.interceptor.StaticParametersInterceptor.intercept(StaticParametersInterceptor.java:190)
	at com.opensymphony.xwork2.DefaultActionInvocation.invoke(DefaultActionInvocation.java:248)
	at org.apache.struts2.interceptor.MultiselectInterceptor.intercept(MultiselectInterceptor.java:75)
	at com.opensymphony.xwork2.DefaultActionInvocation.invoke(DefaultActionInvocation.java:248)
	at org.apache.struts2.interceptor.CheckboxInterceptor.intercept(CheckboxInterceptor.java:94)
	at com.opensymphony.xwork2.DefaultActionInvocation.invoke(DefaultActionInvocation.java:248)
	at org.apache.struts2.interceptor.FileUploadInterceptor.intercept(FileUploadInterceptor.java:243)
	at com.opensymphony.xwork2.DefaultActionInvocation.invoke(DefaultActionInvocation.java:248)
	at com.opensymphony.xwork2.interceptor.ModelDrivenInterceptor.intercept(ModelDrivenInterceptor.java:100)
	at com.opensymphony.xwork2.DefaultActionInvocation.invoke(DefaultActionInvocation.java:248)
	at com.opensymphony.xwork2.interceptor.ScopedModelDrivenInterceptor.intercept(ScopedModelDrivenInterceptor.java:141)
	at com.opensymphony.xwork2.DefaultActionInvocation.invoke(DefaultActionInvocation.java:248)
	at org.apache.struts2.interceptor.debugging.DebuggingInterceptor.intercept(DebuggingInterceptor.java:270)
	at com.opensymphony.xwork2.DefaultActionInvocation.invoke(DefaultActionInvocation.java:248)
	at com.opensymphony.xwork2.interceptor.ChainingInterceptor.intercept(ChainingInterceptor.java:145)
	at com.opensymphony.xwork2.DefaultActionInvocation.invoke(DefaultActionInvocation.java:248)
	at com.opensymphony.xwork2.interceptor.PrepareInterceptor.doIntercept(PrepareInterceptor.java:171)
	at com.opensymphony.xwork2.interceptor.MethodFilterInterceptor.intercept(MethodFilterInterceptor.java:98)
	at com.opensymphony.xwork2.DefaultActionInvocation.invoke(DefaultActionInvocation.java:248)
	at com.opensymphony.xwork2.interceptor.I18nInterceptor.intercept(I18nInterceptor.java:176)
	at com.opensymphony.xwork2.DefaultActionInvocation.invoke(DefaultActionInvocation.java:248)
	at org.apache.struts2.interceptor.ServletConfigInterceptor.intercept(ServletConfigInterceptor.java:164)
	at com.opensymphony.xwork2.DefaultActionInvocation.invoke(DefaultActionInvocation.java:248)
	at com.opensymphony.xwork2.interceptor.AliasInterceptor.intercept(AliasInterceptor.java:190)
	at com.opensymphony.xwork2.DefaultActionInvocation.invoke(DefaultActionInvocation.java:248)
	at com.opensymphony.xwork2.interceptor.ExceptionMappingInterceptor.intercept(ExceptionMappingInterceptor.java:187)
	at com.opensymphony.xwork2.DefaultActionInvocation.invoke(DefaultActionInvocation.java:248)
	at org.apache.struts2.impl.StrutsActionProxy.execute(StrutsActionProxy.java:52)
	at org.apache.struts2.dispatcher.Dispatcher.serviceAction(Dispatcher.java:498)
	at org.apache.struts2.dispatcher.ng.ExecuteOperations.executeAction(ExecuteOperations.java:77)
	at org.apache.struts2.dispatcher.ng.filter.StrutsPrepareAndExecuteFilter.doFilter(StrutsPrepareAndExecuteFilter.java:91)
	at org.apache.catalina.core.ApplicationFilterChain.internalDoFilter(ApplicationFilterChain.java:235)
	at org.apache.catalina.core.ApplicationFilterChain.doFilter(ApplicationFilterChain.java:206)
	at org.apache.catalina.core.StandardWrapperValve.invoke(StandardWrapperValve.java:233)
	at org.apache.catalina.core.StandardContextValve.invoke(StandardContextValve.java:191)
	at org.apache.catalina.core.StandardHostValve.invoke(StandardHostValve.java:127)
	at org.apache.catalina.valves.ErrorReportValve.invoke(ErrorReportValve.java:102)
	at org.apache.catalina.core.StandardEngineValve.invoke(StandardEngineValve.java:109)
	at org.apache.catalina.connector.CoyoteAdapter.service(CoyoteAdapter.java:298)
	at org.apache.coyote.http11.Http11Processor.process(Http11Processor.java:857)
	at org.apache.coyote.http11.Http11Protocol$Http11ConnectionHandler.process(Http11Protocol.java:588)
	at org.apache.tomcat.util.net.JIoEndpoint$Worker.run(JIoEndpoint.java:489)
	at java.lang.Thread.run(Thread.java:662)

03-10-2012 11:25:46.0727 ERROR http-2468-2 com.photon.phresco.framework.actions.applications.Applications : Entered into catch block of  Applications.save() [ com.photon.phresco.exception.PhrescoException ] Project creation failed [PhrescoException]:  [ErrorMessage] = Project creation failed
	at com.photon.phresco.framework.impl.ProjectAdministratorImpl.createProject(ProjectAdministratorImpl.java:176)
	at com.photon.phresco.framework.actions.applications.Applications.save(Applications.java:371)
	at sun.reflect.NativeMethodAccessorImpl.invoke0(Native Method)
	at sun.reflect.NativeMethodAccessorImpl.invoke(NativeMethodAccessorImpl.java:39)
	at sun.reflect.DelegatingMethodAccessorImpl.invoke(DelegatingMethodAccessorImpl.java:25)
	at java.lang.reflect.Method.invoke(Method.java:597)
	at com.opensymphony.xwork2.DefaultActionInvocation.invokeAction(DefaultActionInvocation.java:452)
	at com.opensymphony.xwork2.DefaultActionInvocation.invokeActionOnly(DefaultActionInvocation.java:291)
	at com.opensymphony.xwork2.DefaultActionInvocation.invoke(DefaultActionInvocation.java:254)
	at com.opensymphony.xwork2.interceptor.DefaultWorkflowInterceptor.doIntercept(DefaultWorkflowInterceptor.java:176)
	at com.opensymphony.xwork2.interceptor.MethodFilterInterceptor.intercept(MethodFilterInterceptor.java:98)
	at com.opensymphony.xwork2.DefaultActionInvocation.invoke(DefaultActionInvocation.java:248)
	at com.opensymphony.xwork2.validator.ValidationInterceptor.doIntercept(ValidationInterceptor.java:263)
	at org.apache.struts2.interceptor.validation.AnnotationValidationInterceptor.doIntercept(AnnotationValidationInterceptor.java:68)
	at com.opensymphony.xwork2.interceptor.MethodFilterInterceptor.intercept(MethodFilterInterceptor.java:98)
	at com.opensymphony.xwork2.DefaultActionInvocation.invoke(DefaultActionInvocation.java:248)
	at com.opensymphony.xwork2.interceptor.ConversionErrorInterceptor.intercept(ConversionErrorInterceptor.java:138)
	at com.opensymphony.xwork2.DefaultActionInvocation.invoke(DefaultActionInvocation.java:248)
	at com.opensymphony.xwork2.interceptor.ParametersInterceptor.doIntercept(ParametersInterceptor.java:207)
	at com.opensymphony.xwork2.interceptor.MethodFilterInterceptor.intercept(MethodFilterInterceptor.java:98)
	at com.opensymphony.xwork2.DefaultActionInvocation.invoke(DefaultActionInvocation.java:248)
	at com.opensymphony.xwork2.interceptor.ParametersInterceptor.doIntercept(ParametersInterceptor.java:207)
	at com.opensymphony.xwork2.interceptor.MethodFilterInterceptor.intercept(MethodFilterInterceptor.java:98)
	at com.opensymphony.xwork2.DefaultActionInvocation.invoke(DefaultActionInvocation.java:248)
	at com.opensymphony.xwork2.interceptor.StaticParametersInterceptor.intercept(StaticParametersInterceptor.java:190)
	at com.opensymphony.xwork2.DefaultActionInvocation.invoke(DefaultActionInvocation.java:248)
	at org.apache.struts2.interceptor.MultiselectInterceptor.intercept(MultiselectInterceptor.java:75)
	at com.opensymphony.xwork2.DefaultActionInvocation.invoke(DefaultActionInvocation.java:248)
	at org.apache.struts2.interceptor.CheckboxInterceptor.intercept(CheckboxInterceptor.java:94)
	at com.opensymphony.xwork2.DefaultActionInvocation.invoke(DefaultActionInvocation.java:248)
	at org.apache.struts2.interceptor.FileUploadInterceptor.intercept(FileUploadInterceptor.java:243)
	at com.opensymphony.xwork2.DefaultActionInvocation.invoke(DefaultActionInvocation.java:248)
	at com.opensymphony.xwork2.interceptor.ModelDrivenInterceptor.intercept(ModelDrivenInterceptor.java:100)
	at com.opensymphony.xwork2.DefaultActionInvocation.invoke(DefaultActionInvocation.java:248)
	at com.opensymphony.xwork2.interceptor.ScopedModelDrivenInterceptor.intercept(ScopedModelDrivenInterceptor.java:141)
	at com.opensymphony.xwork2.DefaultActionInvocation.invoke(DefaultActionInvocation.java:248)
	at org.apache.struts2.interceptor.debugging.DebuggingInterceptor.intercept(DebuggingInterceptor.java:270)
	at com.opensymphony.xwork2.DefaultActionInvocation.invoke(DefaultActionInvocation.java:248)
	at com.opensymphony.xwork2.interceptor.ChainingInterceptor.intercept(ChainingInterceptor.java:145)
	at com.opensymphony.xwork2.DefaultActionInvocation.invoke(DefaultActionInvocation.java:248)
	at com.opensymphony.xwork2.interceptor.PrepareInterceptor.doIntercept(PrepareInterceptor.java:171)
	at com.opensymphony.xwork2.interceptor.MethodFilterInterceptor.intercept(MethodFilterInterceptor.java:98)
	at com.opensymphony.xwork2.DefaultActionInvocation.invoke(DefaultActionInvocation.java:248)
	at com.opensymphony.xwork2.interceptor.I18nInterceptor.intercept(I18nInterceptor.java:176)
	at com.opensymphony.xwork2.DefaultActionInvocation.invoke(DefaultActionInvocation.java:248)
	at org.apache.struts2.interceptor.ServletConfigInterceptor.intercept(ServletConfigInterceptor.java:164)
	at com.opensymphony.xwork2.DefaultActionInvocation.invoke(DefaultActionInvocation.java:248)
	at com.opensymphony.xwork2.interceptor.AliasInterceptor.intercept(AliasInterceptor.java:190)
	at com.opensymphony.xwork2.DefaultActionInvocation.invoke(DefaultActionInvocation.java:248)
	at com.opensymphony.xwork2.interceptor.ExceptionMappingInterceptor.intercept(ExceptionMappingInterceptor.java:187)
	at com.opensymphony.xwork2.DefaultActionInvocation.invoke(DefaultActionInvocation.java:248)
	at org.apache.struts2.impl.StrutsActionProxy.execute(StrutsActionProxy.java:52)
	at org.apache.struts2.dispatcher.Dispatcher.serviceAction(Dispatcher.java:498)
	at org.apache.struts2.dispatcher.ng.ExecuteOperations.executeAction(ExecuteOperations.java:77)
	at org.apache.struts2.dispatcher.ng.filter.StrutsPrepareAndExecuteFilter.doFilter(StrutsPrepareAndExecuteFilter.java:91)
	at org.apache.catalina.core.ApplicationFilterChain.internalDoFilter(ApplicationFilterChain.java:235)
	at org.apache.catalina.core.ApplicationFilterChain.doFilter(ApplicationFilterChain.java:206)
	at org.apache.catalina.core.StandardWrapperValve.invoke(StandardWrapperValve.java:233)
	at org.apache.catalina.core.StandardContextValve.invoke(StandardContextValve.java:191)
	at org.apache.catalina.core.StandardHostValve.invoke(StandardHostValve.java:127)
	at org.apache.catalina.valves.ErrorReportValve.invoke(ErrorReportValve.java:102)
	at org.apache.catalina.core.StandardEngineValve.invoke(StandardEngineValve.java:109)
	at org.apache.catalina.connector.CoyoteAdapter.service(CoyoteAdapter.java:298)
	at org.apache.coyote.http11.Http11Processor.process(Http11Processor.java:857)
	at org.apache.coyote.http11.Http11Protocol$Http11ConnectionHandler.process(Http11Protocol.java:588)
	at org.apache.tomcat.util.net.JIoEndpoint$Worker.run(JIoEndpoint.java:489)
	at java.lang.Thread.run(Thread.java:662)

03-10-2012 13:03:18.0652 ERROR http-2468-1 com.photon.phresco.framework.actions.applications.Applications : Entered into catch block of Applications.validateProject() [ java.lang.NullPointerException ] null java.lang.NullPointerException
	at com.photon.phresco.framework.impl.ProjectAdministratorImpl.validate(ProjectAdministratorImpl.java:1924)
	at com.photon.phresco.framework.actions.applications.Applications.validateProject(Applications.java:848)
	at sun.reflect.NativeMethodAccessorImpl.invoke0(Native Method)
	at sun.reflect.NativeMethodAccessorImpl.invoke(NativeMethodAccessorImpl.java:39)
	at sun.reflect.DelegatingMethodAccessorImpl.invoke(DelegatingMethodAccessorImpl.java:25)
	at java.lang.reflect.Method.invoke(Method.java:597)
	at com.opensymphony.xwork2.DefaultActionInvocation.invokeAction(DefaultActionInvocation.java:452)
	at com.opensymphony.xwork2.DefaultActionInvocation.invokeActionOnly(DefaultActionInvocation.java:291)
	at com.opensymphony.xwork2.DefaultActionInvocation.invoke(DefaultActionInvocation.java:254)
	at com.opensymphony.xwork2.interceptor.DefaultWorkflowInterceptor.doIntercept(DefaultWorkflowInterceptor.java:176)
	at com.opensymphony.xwork2.interceptor.MethodFilterInterceptor.intercept(MethodFilterInterceptor.java:98)
	at com.opensymphony.xwork2.DefaultActionInvocation.invoke(DefaultActionInvocation.java:248)
	at com.opensymphony.xwork2.validator.ValidationInterceptor.doIntercept(ValidationInterceptor.java:263)
	at org.apache.struts2.interceptor.validation.AnnotationValidationInterceptor.doIntercept(AnnotationValidationInterceptor.java:68)
	at com.opensymphony.xwork2.interceptor.MethodFilterInterceptor.intercept(MethodFilterInterceptor.java:98)
	at com.opensymphony.xwork2.DefaultActionInvocation.invoke(DefaultActionInvocation.java:248)
	at com.opensymphony.xwork2.interceptor.ConversionErrorInterceptor.intercept(ConversionErrorInterceptor.java:138)
	at com.opensymphony.xwork2.DefaultActionInvocation.invoke(DefaultActionInvocation.java:248)
	at com.opensymphony.xwork2.interceptor.ParametersInterceptor.doIntercept(ParametersInterceptor.java:207)
	at com.opensymphony.xwork2.interceptor.MethodFilterInterceptor.intercept(MethodFilterInterceptor.java:98)
	at com.opensymphony.xwork2.DefaultActionInvocation.invoke(DefaultActionInvocation.java:248)
	at com.opensymphony.xwork2.interceptor.ParametersInterceptor.doIntercept(ParametersInterceptor.java:207)
	at com.opensymphony.xwork2.interceptor.MethodFilterInterceptor.intercept(MethodFilterInterceptor.java:98)
	at com.opensymphony.xwork2.DefaultActionInvocation.invoke(DefaultActionInvocation.java:248)
	at com.opensymphony.xwork2.interceptor.StaticParametersInterceptor.intercept(StaticParametersInterceptor.java:190)
	at com.opensymphony.xwork2.DefaultActionInvocation.invoke(DefaultActionInvocation.java:248)
	at org.apache.struts2.interceptor.MultiselectInterceptor.intercept(MultiselectInterceptor.java:75)
	at com.opensymphony.xwork2.DefaultActionInvocation.invoke(DefaultActionInvocation.java:248)
	at org.apache.struts2.interceptor.CheckboxInterceptor.intercept(CheckboxInterceptor.java:94)
	at com.opensymphony.xwork2.DefaultActionInvocation.invoke(DefaultActionInvocation.java:248)
	at org.apache.struts2.interceptor.FileUploadInterceptor.intercept(FileUploadInterceptor.java:243)
	at com.opensymphony.xwork2.DefaultActionInvocation.invoke(DefaultActionInvocation.java:248)
	at com.opensymphony.xwork2.interceptor.ModelDrivenInterceptor.intercept(ModelDrivenInterceptor.java:100)
	at com.opensymphony.xwork2.DefaultActionInvocation.invoke(DefaultActionInvocation.java:248)
	at com.opensymphony.xwork2.interceptor.ScopedModelDrivenInterceptor.intercept(ScopedModelDrivenInterceptor.java:141)
	at com.opensymphony.xwork2.DefaultActionInvocation.invoke(DefaultActionInvocation.java:248)
	at org.apache.struts2.interceptor.debugging.DebuggingInterceptor.intercept(DebuggingInterceptor.java:270)
	at com.opensymphony.xwork2.DefaultActionInvocation.invoke(DefaultActionInvocation.java:248)
	at com.opensymphony.xwork2.interceptor.ChainingInterceptor.intercept(ChainingInterceptor.java:145)
	at com.opensymphony.xwork2.DefaultActionInvocation.invoke(DefaultActionInvocation.java:248)
	at com.opensymphony.xwork2.interceptor.PrepareInterceptor.doIntercept(PrepareInterceptor.java:171)
	at com.opensymphony.xwork2.interceptor.MethodFilterInterceptor.intercept(MethodFilterInterceptor.java:98)
	at com.opensymphony.xwork2.DefaultActionInvocation.invoke(DefaultActionInvocation.java:248)
	at com.opensymphony.xwork2.interceptor.I18nInterceptor.intercept(I18nInterceptor.java:176)
	at com.opensymphony.xwork2.DefaultActionInvocation.invoke(DefaultActionInvocation.java:248)
	at org.apache.struts2.interceptor.ServletConfigInterceptor.intercept(ServletConfigInterceptor.java:164)
	at com.opensymphony.xwork2.DefaultActionInvocation.invoke(DefaultActionInvocation.java:248)
	at com.opensymphony.xwork2.interceptor.AliasInterceptor.intercept(AliasInterceptor.java:190)
	at com.opensymphony.xwork2.DefaultActionInvocation.invoke(DefaultActionInvocation.java:248)
	at com.opensymphony.xwork2.interceptor.ExceptionMappingInterceptor.intercept(ExceptionMappingInterceptor.java:187)
	at com.opensymphony.xwork2.DefaultActionInvocation.invoke(DefaultActionInvocation.java:248)
	at org.apache.struts2.impl.StrutsActionProxy.execute(StrutsActionProxy.java:52)
	at org.apache.struts2.dispatcher.Dispatcher.serviceAction(Dispatcher.java:498)
	at org.apache.struts2.dispatcher.ng.ExecuteOperations.executeAction(ExecuteOperations.java:77)
	at org.apache.struts2.dispatcher.ng.filter.StrutsPrepareAndExecuteFilter.doFilter(StrutsPrepareAndExecuteFilter.java:91)
	at org.apache.catalina.core.ApplicationFilterChain.internalDoFilter(ApplicationFilterChain.java:235)
	at org.apache.catalina.core.ApplicationFilterChain.doFilter(ApplicationFilterChain.java:206)
	at org.apache.catalina.core.StandardWrapperValve.invoke(StandardWrapperValve.java:233)
	at org.apache.catalina.core.StandardContextValve.invoke(StandardContextValve.java:191)
	at org.apache.catalina.core.StandardHostValve.invoke(StandardHostValve.java:127)
	at org.apache.catalina.valves.ErrorReportValve.invoke(ErrorReportValve.java:102)
	at org.apache.catalina.core.StandardEngineValve.invoke(StandardEngineValve.java:109)
	at org.apache.catalina.connector.CoyoteAdapter.service(CoyoteAdapter.java:298)
	at org.apache.coyote.http11.Http11Processor.process(Http11Processor.java:857)
	at org.apache.coyote.http11.Http11Protocol$Http11ConnectionHandler.process(Http11Protocol.java:588)
	at org.apache.tomcat.util.net.JIoEndpoint$Worker.run(JIoEndpoint.java:489)
	at java.lang.Thread.run(Thread.java:662)

03-10-2012 13:03:21.0809 ERROR http-2468-1 com.photon.phresco.framework.actions.applications.Applications : Entered into catch block of Applications.validateProject() [ java.lang.NullPointerException ] null java.lang.NullPointerException
	at com.photon.phresco.framework.impl.ProjectAdministratorImpl.validate(ProjectAdministratorImpl.java:1924)
	at com.photon.phresco.framework.actions.applications.Applications.validateProject(Applications.java:848)
	at sun.reflect.NativeMethodAccessorImpl.invoke0(Native Method)
	at sun.reflect.NativeMethodAccessorImpl.invoke(NativeMethodAccessorImpl.java:39)
	at sun.reflect.DelegatingMethodAccessorImpl.invoke(DelegatingMethodAccessorImpl.java:25)
	at java.lang.reflect.Method.invoke(Method.java:597)
	at com.opensymphony.xwork2.DefaultActionInvocation.invokeAction(DefaultActionInvocation.java:452)
	at com.opensymphony.xwork2.DefaultActionInvocation.invokeActionOnly(DefaultActionInvocation.java:291)
	at com.opensymphony.xwork2.DefaultActionInvocation.invoke(DefaultActionInvocation.java:254)
	at com.opensymphony.xwork2.interceptor.DefaultWorkflowInterceptor.doIntercept(DefaultWorkflowInterceptor.java:176)
	at com.opensymphony.xwork2.interceptor.MethodFilterInterceptor.intercept(MethodFilterInterceptor.java:98)
	at com.opensymphony.xwork2.DefaultActionInvocation.invoke(DefaultActionInvocation.java:248)
	at com.opensymphony.xwork2.validator.ValidationInterceptor.doIntercept(ValidationInterceptor.java:263)
	at org.apache.struts2.interceptor.validation.AnnotationValidationInterceptor.doIntercept(AnnotationValidationInterceptor.java:68)
	at com.opensymphony.xwork2.interceptor.MethodFilterInterceptor.intercept(MethodFilterInterceptor.java:98)
	at com.opensymphony.xwork2.DefaultActionInvocation.invoke(DefaultActionInvocation.java:248)
	at com.opensymphony.xwork2.interceptor.ConversionErrorInterceptor.intercept(ConversionErrorInterceptor.java:138)
	at com.opensymphony.xwork2.DefaultActionInvocation.invoke(DefaultActionInvocation.java:248)
	at com.opensymphony.xwork2.interceptor.ParametersInterceptor.doIntercept(ParametersInterceptor.java:207)
	at com.opensymphony.xwork2.interceptor.MethodFilterInterceptor.intercept(MethodFilterInterceptor.java:98)
	at com.opensymphony.xwork2.DefaultActionInvocation.invoke(DefaultActionInvocation.java:248)
	at com.opensymphony.xwork2.interceptor.ParametersInterceptor.doIntercept(ParametersInterceptor.java:207)
	at com.opensymphony.xwork2.interceptor.MethodFilterInterceptor.intercept(MethodFilterInterceptor.java:98)
	at com.opensymphony.xwork2.DefaultActionInvocation.invoke(DefaultActionInvocation.java:248)
	at com.opensymphony.xwork2.interceptor.StaticParametersInterceptor.intercept(StaticParametersInterceptor.java:190)
	at com.opensymphony.xwork2.DefaultActionInvocation.invoke(DefaultActionInvocation.java:248)
	at org.apache.struts2.interceptor.MultiselectInterceptor.intercept(MultiselectInterceptor.java:75)
	at com.opensymphony.xwork2.DefaultActionInvocation.invoke(DefaultActionInvocation.java:248)
	at org.apache.struts2.interceptor.CheckboxInterceptor.intercept(CheckboxInterceptor.java:94)
	at com.opensymphony.xwork2.DefaultActionInvocation.invoke(DefaultActionInvocation.java:248)
	at org.apache.struts2.interceptor.FileUploadInterceptor.intercept(FileUploadInterceptor.java:243)
	at com.opensymphony.xwork2.DefaultActionInvocation.invoke(DefaultActionInvocation.java:248)
	at com.opensymphony.xwork2.interceptor.ModelDrivenInterceptor.intercept(ModelDrivenInterceptor.java:100)
	at com.opensymphony.xwork2.DefaultActionInvocation.invoke(DefaultActionInvocation.java:248)
	at com.opensymphony.xwork2.interceptor.ScopedModelDrivenInterceptor.intercept(ScopedModelDrivenInterceptor.java:141)
	at com.opensymphony.xwork2.DefaultActionInvocation.invoke(DefaultActionInvocation.java:248)
	at org.apache.struts2.interceptor.debugging.DebuggingInterceptor.intercept(DebuggingInterceptor.java:270)
	at com.opensymphony.xwork2.DefaultActionInvocation.invoke(DefaultActionInvocation.java:248)
	at com.opensymphony.xwork2.interceptor.ChainingInterceptor.intercept(ChainingInterceptor.java:145)
	at com.opensymphony.xwork2.DefaultActionInvocation.invoke(DefaultActionInvocation.java:248)
	at com.opensymphony.xwork2.interceptor.PrepareInterceptor.doIntercept(PrepareInterceptor.java:171)
	at com.opensymphony.xwork2.interceptor.MethodFilterInterceptor.intercept(MethodFilterInterceptor.java:98)
	at com.opensymphony.xwork2.DefaultActionInvocation.invoke(DefaultActionInvocation.java:248)
	at com.opensymphony.xwork2.interceptor.I18nInterceptor.intercept(I18nInterceptor.java:176)
	at com.opensymphony.xwork2.DefaultActionInvocation.invoke(DefaultActionInvocation.java:248)
	at org.apache.struts2.interceptor.ServletConfigInterceptor.intercept(ServletConfigInterceptor.java:164)
	at com.opensymphony.xwork2.DefaultActionInvocation.invoke(DefaultActionInvocation.java:248)
	at com.opensymphony.xwork2.interceptor.AliasInterceptor.intercept(AliasInterceptor.java:190)
	at com.opensymphony.xwork2.DefaultActionInvocation.invoke(DefaultActionInvocation.java:248)
	at com.opensymphony.xwork2.interceptor.ExceptionMappingInterceptor.intercept(ExceptionMappingInterceptor.java:187)
	at com.opensymphony.xwork2.DefaultActionInvocation.invoke(DefaultActionInvocation.java:248)
	at org.apache.struts2.impl.StrutsActionProxy.execute(StrutsActionProxy.java:52)
	at org.apache.struts2.dispatcher.Dispatcher.serviceAction(Dispatcher.java:498)
	at org.apache.struts2.dispatcher.ng.ExecuteOperations.executeAction(ExecuteOperations.java:77)
	at org.apache.struts2.dispatcher.ng.filter.StrutsPrepareAndExecuteFilter.doFilter(StrutsPrepareAndExecuteFilter.java:91)
	at org.apache.catalina.core.ApplicationFilterChain.internalDoFilter(ApplicationFilterChain.java:235)
	at org.apache.catalina.core.ApplicationFilterChain.doFilter(ApplicationFilterChain.java:206)
	at org.apache.catalina.core.StandardWrapperValve.invoke(StandardWrapperValve.java:233)
	at org.apache.catalina.core.StandardContextValve.invoke(StandardContextValve.java:191)
	at org.apache.catalina.core.StandardHostValve.invoke(StandardHostValve.java:127)
	at org.apache.catalina.valves.ErrorReportValve.invoke(ErrorReportValve.java:102)
	at org.apache.catalina.core.StandardEngineValve.invoke(StandardEngineValve.java:109)
	at org.apache.catalina.connector.CoyoteAdapter.service(CoyoteAdapter.java:298)
	at org.apache.coyote.http11.Http11Processor.process(Http11Processor.java:857)
	at org.apache.coyote.http11.Http11Protocol$Http11ConnectionHandler.process(Http11Protocol.java:588)
	at org.apache.tomcat.util.net.JIoEndpoint$Worker.run(JIoEndpoint.java:489)
	at java.lang.Thread.run(Thread.java:662)

